\BOOKMARK [0][-]{chapter*.2}{\376\377\000P\000r\000e\000f\000a\000c\000e}{}% 1
\BOOKMARK [0][-]{chapter.1}{\376\377\134\016\121\145}{}% 2
\BOOKMARK [1][-]{section.1.1}{\376\377\212\010\173\227\221\317\164\006\212\326\060\156\137\251\177\322}{chapter.1}% 3
\BOOKMARK [1][-]{section.1.2}{\376\377\151\034\212\074\060\156\212\010\173\227\221\317}{chapter.1}% 4
\BOOKMARK [2][-]{subsection.1.2.1}{\376\377\122\271\163\207\166\204\060\152\151\034\212\074\060\150\060\257\060\351\060\271\000N\000P}{section.1.2}% 5
\BOOKMARK [2][-]{subsection.1.2.2}{\376\377\134\100\142\100\166\204\060\152\151\034\212\074\060\150\060\257\060\351\060\271\000P\000C\000P}{section.1.2}% 6
\BOOKMARK [2][-]{subsection.1.2.3}{\376\377\0003\137\151\202\162\125\117\230\114\060\156\000N\000P\133\214\121\150\140\047}{section.1.2}% 7
\BOOKMARK [1][-]{section.1.3}{\376\377\000P\000C\000P\133\232\164\006\060\156\137\334\165\050}{chapter.1}% 8
\BOOKMARK [1][-]{section.1.4}{\376\377\000P\000C\000P\133\232\164\006\060\156\153\164\123\362}{chapter.1}% 9
\BOOKMARK [0][-]{chapter.2}{\376\377\122\066\175\004\121\105\215\263\125\117\230\114}{}% 10
\BOOKMARK [1][-]{section.2.1}{\376\377\122\066\175\004\121\105\215\263\125\117\230\114\060\156\133\232\177\251}{chapter.2}% 11
\BOOKMARK [2][-]{subsection.2.1.1}{\376\377\000P\000C\000P\060\150\060\156\225\242\117\302}{section.2.1}% 12
\BOOKMARK [2][-]{subsection.2.1.2}{\376\377\122\066\175\004\060\260\060\351\060\325}{section.2.1}% 13
\BOOKMARK [1][-]{section.2.2}{\376\377\131\032\221\315\060\260\060\351\060\325\060\156\134\016\121\145\060\150\060\250\060\257\060\271\060\321\060\363\060\300\060\374\060\260\060\351\060\325}{chapter.2}% 14
\BOOKMARK [2][-]{subsection.2.2.1}{\376\377\153\143\122\107\060\250\060\257\060\271\060\321\060\363\060\300\060\374\060\156\140\047\214\352}{section.2.2}% 15
\BOOKMARK [2][-]{subsection.2.2.2}{\376\377\060\250\060\257\060\271\060\321\060\363\060\300\060\374\060\260\060\351\060\325\060\156\151\313\142\020}{section.2.2}% 16
\BOOKMARK [0][-]{chapter.3}{\376\377\060\256\060\343\060\303\060\327\130\227\136\105\210\334\230\114}{}% 17
\BOOKMARK [1][-]{section.3.1}{\376\377\116\073\137\065}{chapter.3}% 18
\BOOKMARK [1][-]{section.3.2}{\376\377\212\074\146\016\060\156\151\202\211\201}{chapter.3}% 19
\BOOKMARK [1][-]{section.3.3}{\376\377\122\066\175\004\060\260\060\351\060\325\060\156\133\232\145\160\153\041\145\160\060\250\060\257\060\271\060\321\060\363\060\300\060\374\123\026}{chapter.3}% 20
\BOOKMARK [2][-]{subsection.3.3.1}{\376\377\153\041\145\160\060\156\122\112\156\033}{section.3.3}% 21
\BOOKMARK [2][-]{subsection.3.3.2}{\376\377\060\250\060\257\060\271\060\321\060\363\060\300\060\374\123\026}{section.3.3}% 22
\BOOKMARK [1][-]{section.3.4}{\376\377\122\066\175\004\060\260\060\351\060\325\060\156\060\171\060\115\116\127}{chapter.3}% 23
\BOOKMARK [1][-]{section.3.5}{\376\377\060\242\060\353\060\325\060\241\060\331\060\303\060\310\122\112\156\033}{chapter.3}% 24
\BOOKMARK [0][-]{chapter.4}{\376\377\122\162\060\212\137\123\060\146\060\306\060\271\060\277\060\374\060\150\060\242\060\353\060\325\060\241\060\331\060\303\060\310\122\112\156\033}{}% 25
\BOOKMARK [1][-]{section.4.1}{\376\377\122\162\060\212\137\123\060\146\060\306\060\271\060\277\060\374}{chapter.4}% 26
\BOOKMARK [1][-]{section.4.2}{\376\377\060\242\060\353\060\325\060\241\060\331\060\303\060\310\122\112\156\033}{chapter.4}% 27
