\BOOKMARK [0][-]{chapter.1}{\376\377\000誤\000り\000訂\000正\000符\000号}{}% 1
\BOOKMARK [0][-]{chapter.2}{\376\377\000エ\000ク\000ス\000パ\000ン\000ダ\000ー\000グ\000ラ\000フ}{}% 2
\BOOKMARK [1][-]{section.2.1}{\376\377\000定\000義}{chapter.2}% 3
\BOOKMARK [1][-]{section.2.2}{\376\377\000存\000在\000性\000と\000陽\000な\000構\000成}{chapter.2}% 4
\BOOKMARK [2][-]{subsection.2.2.1}{\376\377\000ケ\000イ\000リ\000ー\000グ\000ラ\000フ}{section.2.2}% 5
\BOOKMARK [2][-]{subsection.2.2.2}{\376\377\000エ\000ク\000ス\000パ\000ン\000ダ\000ー\000性\000の\000限\000界\000と\000ラ\000マ\000ヌ\000ジ\000ャ\000ン\000グ\000ラ\000フ\000\050\000*\000\051}{section.2.2}% 6
\BOOKMARK [1][-]{section.2.3}{\376\377\000性\000質}{chapter.2}% 7
\BOOKMARK [2][-]{subsection.2.3.1}{\376\377\000グ\000ラ\000フ\000理\000論\000的\000な\000性\000質}{section.2.3}% 8
\BOOKMARK [2][-]{subsection.2.3.2}{\376\377\000ラ\000ン\000ダ\000ム\000ウ\000ォ\000ー\000ク\000の\000性\000質}{section.2.3}% 9
\BOOKMARK [2][-]{subsection.2.3.3}{\376\377\000擬\000似\000ラ\000ン\000ダ\000ム\000性\000\050\000*\000\051}{section.2.3}% 10
\BOOKMARK [1][-]{section.2.4}{\376\377\000エ\000ク\000ス\000パ\000ン\000ダ\000ー\000グ\000ラ\000フ\000の\000応\000用}{chapter.2}% 11
\BOOKMARK [2][-]{subsection.2.4.1}{\376\377\000脱\000乱\000択\000化}{section.2.4}% 12
\BOOKMARK [2][-]{subsection.2.4.2}{\376\377\000誤\000り\000訂\000正\000符\000号}{section.2.4}% 13
\BOOKMARK [2][-]{subsection.2.4.3}{\376\377\000P\000C\000P\000定\000理}{section.2.4}% 14
\BOOKMARK [2][-]{subsection.2.4.4}{\376\377\000G\000o\000l\000d\000r\000e\000i\000c\000h\000の\000擬\000似\000乱\000数\000生\000成\000器}{section.2.4}% 15
\BOOKMARK [0][-]{chapter.3}{\376\377\000高\000次\000元\000エ\000ク\000ス\000パ\000ン\000ダ\000ー\000概\000論}{}% 16
\BOOKMARK [1][-]{section.3.1}{\376\377\000定\000義}{chapter.3}% 17
\BOOKMARK [1][-]{section.3.2}{\376\377\000大\000域\000エ\000ク\000ス\000パ\000ン\000ダ\000ー\000性}{chapter.3}% 18
\BOOKMARK [2][-]{subsection.3.2.1}{\376\377\000下\000降\000ウ\000ォ\000ー\000ク\000と\000定\000常\000分\000布}{section.3.2}% 19
\BOOKMARK [2][-]{subsection.3.2.2}{\376\377\000上\000昇\000ウ\000ォ\000ー\000ク}{section.3.2}% 20
\BOOKMARK [1][-]{section.3.3}{\376\377\000局\000所\000エ\000ク\000ス\000パ\000ン\000ダ\000ー\000性}{chapter.3}% 21
\BOOKMARK [2][-]{subsection.3.3.1}{\376\377\000局\000所\000的\000な\000ラ\000ン\000ダ\000ム\000ウ\000ォ\000ー\000ク}{section.3.3}% 22
\BOOKMARK [2][-]{subsection.3.3.2}{\376\377\000局\000所\000エ\000ク\000ス\000パ\000ン\000ダ\000ー}{section.3.3}% 23
\BOOKMARK [1][-]{section.3.4}{\376\377\000O\000p\000p\000e\000n\000h\000e\000i\000m\000の\000ト\000リ\000ク\000ル\000ダ\000ウ\000ン\000定\000理}{chapter.3}% 24
\BOOKMARK [1][-]{section.3.5}{\376\377\000高\000次\000元\000エ\000ク\000ス\000パ\000ン\000ダ\000ー\000の\000応\000用}{chapter.3}% 25
\BOOKMARK [0][-]{chapter.4}{\376\377\000マ\000ト\000ロ\000イ\000ド}{}% 26
\BOOKMARK [1][-]{section.4.1}{\376\377\000定\000義}{chapter.4}% 27
\BOOKMARK [1][-]{section.4.2}{\376\377\000例}{chapter.4}% 28
\BOOKMARK [2][-]{subsection.4.2.1}{\376\377\000グ\000ラ\000フ\000的\000マ\000ト\000ロ\000イ\000ド}{section.4.2}% 29
\BOOKMARK [2][-]{subsection.4.2.2}{\376\377\000線\000形\000マ\000ト\000ロ\000イ\000ド}{section.4.2}% 30
\BOOKMARK [1][-]{section.4.3}{\376\377\000モ\000チ\000ベ\000ー\000シ\000ョ\000ン}{chapter.4}% 31
\BOOKMARK [2][-]{subsection.4.3.1}{\376\377\000組\000合\000せ\000最\000適\000化}{section.4.3}% 32
\BOOKMARK [2][-]{subsection.4.3.2}{\376\377\000組\000合\000せ\000論}{section.4.3}% 33
\BOOKMARK [1][-]{section.4.4}{\376\377\000基\000の\000数\000え\000上\000げ}{chapter.4}% 34
\BOOKMARK [1][-]{section.4.5}{\376\377\000A\000n\000a\000r\000i\000,\000\040\000L\000i\000u\000,\000\040\000G\000h\000a\000r\000a\000n\000,\000\040\000V\000i\000n\000z\000a\000n\000t\000の\000定\000理}{chapter.4}% 35
